1480134688 SemAtaque ethtool eth1
1480134688 SemAtaque ethtool eth1
1480134688 SemAtaque ethtool eth1
1480134688 SemAtaque ethtool eth1
1480134688 SemAtaque ethtool eth1
1480134688 SemAtaque ethtool eth1
1480134688 SemAtaque ethtool eth2
1480134688 SemAtaque ethtool eth2
1480134688 SemAtaque ethtool eth2
1480134688 SemAtaque tcpdump eth1
1480134688 SemAtaque ethtool eth2
1480134688 SemAtaque tcpdump eth1
1480134688 SemAtaque tcpdump eth1
1480134688 SemAtaque tcpdump eth1
1480134688 SemAtaque tcpdump eth2
1480134688 SemAtaque tcpdump eth2
1480134688 SemAtaque ethtool eth2
1480134688 SemAtaque tcpdump eth1
1480134688 SemAtaque ethtool eth2
1480134688 SemAtaque ping 200
1480134688 SemAtaque tcpdump eth2
1480134688 SemAtaque tcpdump eth2
1480134688 SemAtaque tcpdump eth1
1480134688 SemAtaque ping 200
1480134688 SemAtaque ping 200
1480134688 SemAtaque ping 201
1480134688 SemAtaque ping 201
1480134688 SemAtaque tcpdump eth2
1480134688 SemAtaque siege 201
1480134688 SemAtaque siege 201
1480134688 SemAtaque ping 201
1480134688 SemAtaque ping 200
1480134688 SemAtaque ping 200
1480134688 SemAtaque tcpdump eth2
1480134688 SemAtaque ping 201
1480134688 SemAtaque siege 201
1480134688 SemAtaque siege 201
1480134688 SemAtaque ping 201
1480134688 SemAtaque siege 201
1480134688 SemAtaque ping 200
1480134688 SemAtaque ping 201
1480134688 SemAtaque siege 201
1480134748 SemAtaque killall ping
1480134748 SemAtaque killall ping
1480134748 SemAtaque killall ping
1480134748 SemAtaque killall ping
1480134748 SemAtaque killall ping
1480134748 SemAtaque killall siege
1480134748 SemAtaque killall siege
1480134748 SemAtaque killall siege
1480134748 SemAtaque killall siege
1480134748 SemAtaque killall siege
1480134748 SemAtaque killall tcpdump
1480134748 SemAtaque killall tcpdump
1480134748 SemAtaque killall tcpdump
1480134749 SemAtaque killall tcpdump
1480134749 SemAtaque killall tcpdump
1480134749 SemAtaque killall ping
1480134749 SemAtaque killall siege
1480134749 SemAtaque killall tcpdump
